#
# There is insufficient memory for the Java Runtime Environment to continue.
# Native memory allocation (malloc) failed to allocate 573136 bytes. Error detail: Chunk::new
# Possible reasons:
#   The system is out of physical RAM or swap space
#   This process is running with CompressedOops enabled, and the Java Heap may be blocking the growth of the native heap
# Possible solutions:
#   Reduce memory load on the system
#   Increase physical memory or swap space
#   Check if swap backing store is full
#   Decrease Java heap size (-Xmx/-Xms)
#   Decrease number of Java threads
#   Decrease Java thread stack sizes (-Xss)
#   Set larger code cache with -XX:ReservedCodeCacheSize=
#   JVM is running with Unscaled Compressed Oops mode in which the Java heap is
#     placed in the first 4GB address space. The Java Heap base address is the
#     maximum limit for the native heap growth. Please use -XX:HeapBaseMinAddress
#     to set the Java Heap base and to place the Java Heap above 4GB virtual address.
# This output file may be truncated or incomplete.
#
#  Out of Memory Error (arena.cpp:191), pid=2564, tid=2536
#
# JRE version: OpenJDK Runtime Environment Microsoft-11369865 (17.0.15+6) (build 17.0.15+6-LTS)
# Java VM: OpenJDK 64-Bit Server VM Microsoft-11369865 (17.0.15+6-LTS, mixed mode, tiered, compressed oops, compressed class ptrs, g1 gc, windows-amd64)
# No core dump will be written. Minidumps are not enabled by default on client versions of Windows
#

---------------  S U M M A R Y ------------

Command Line: -Xmx64m -Xms64m -Dorg.gradle.appname=gradlew org.gradle.wrapper.GradleWrapperMain app:installDebug -PreactNativeDevServerPort=8081

Host: 11th Gen Intel(R) Core(TM) i7-11700F @ 2.50GHz, 16 cores, 15G,  Windows 11 , 64 bit Build 26100 (10.0.26100.3941)
Time: Mon May 12 15:49:44 2025 India Standard Time elapsed time: 8.634417 seconds (0d 0h 0m 8s)

---------------  T H R E A D  ---------------

Current thread (0x000001f204543ac0):  JavaThread "C2 CompilerThread3" daemon [_thread_in_native, id=2536, stack(0x000000649bf00000,0x000000649c000000)]


Current CompileTask:
C2:   8634  783 %     4       java.util.zip.ZipFile$Source::initCEN @ 261 (612 bytes)

Stack: [0x000000649bf00000,0x000000649c000000]
Native frames: (J=compiled Java code, j=interpreted, Vv=VM code, C=native code)
V  [jvm.dll+0x6887a9]
V  [jvm.dll+0x83f5a8]
V  [jvm.dll+0x841053]
V  [jvm.dll+0x8416c3]
V  [jvm.dll+0x2496ef]
V  [jvm.dll+0xad134]
V  [jvm.dll+0xad7cc]
V  [jvm.dll+0x36aedf]
V  [jvm.dll+0x335513]
V  [jvm.dll+0x3349aa]
V  [jvm.dll+0x21a908]
V  [jvm.dll+0x219d3f]
V  [jvm.dll+0x1a55f6]
V  [jvm.dll+0x22a39a]
V  [jvm.dll+0x2284db]
V  [jvm.dll+0x7f4e28]
V  [jvm.dll+0x7ef2dc]
V  [jvm.dll+0x687687]
C  [ucrtbase.dll+0x37b0]
C  [KERNEL32.DLL+0x2e8d7]
C  [ntdll.dll+0x3c34c]


---------------  P R O C E S S  ---------------

Threads class SMR info:
_java_thread_list=0x000001f204699850, length=18, elements={
0x000001f25064cf30, 0x000001f26cf5f260, 0x000001f26cf5fe20, 0x000001f26cf8ea20,
0x000001f204012570, 0x000001f204012f30, 0x000001f2040138f0, 0x000001f2040145e0,
0x000001f204016ff0, 0x000001f204017900, 0x000001f2041909d0, 0x000001f204190ef0,
0x000001f20419f370, 0x000001f2041ab2f0, 0x000001f20444f7e0, 0x000001f204424680,
0x000001f204543ac0, 0x000001f204824260
}

Java Threads: ( => current thread )
  0x000001f25064cf30 JavaThread "main" [_thread_blocked, id=4616, stack(0x000000649a800000,0x000000649a900000)]
  0x000001f26cf5f260 JavaThread "Reference Handler" daemon [_thread_blocked, id=16628, stack(0x000000649af00000,0x000000649b000000)]
  0x000001f26cf5fe20 JavaThread "Finalizer" daemon [_thread_blocked, id=11308, stack(0x000000649b000000,0x000000649b100000)]
  0x000001f26cf8ea20 JavaThread "Signal Dispatcher" daemon [_thread_blocked, id=13360, stack(0x000000649b100000,0x000000649b200000)]
  0x000001f204012570 JavaThread "Attach Listener" daemon [_thread_blocked, id=23616, stack(0x000000649b200000,0x000000649b300000)]
  0x000001f204012f30 JavaThread "Service Thread" daemon [_thread_blocked, id=15940, stack(0x000000649b300000,0x000000649b400000)]
  0x000001f2040138f0 JavaThread "Monitor Deflation Thread" daemon [_thread_blocked, id=23804, stack(0x000000649b400000,0x000000649b500000)]
  0x000001f2040145e0 JavaThread "C2 CompilerThread0" daemon [_thread_blocked, id=15160, stack(0x000000649b500000,0x000000649b600000)]
  0x000001f204016ff0 JavaThread "C1 CompilerThread0" daemon [_thread_blocked, id=5164, stack(0x000000649b600000,0x000000649b700000)]
  0x000001f204017900 JavaThread "Sweeper thread" daemon [_thread_blocked, id=5440, stack(0x000000649b700000,0x000000649b800000)]
  0x000001f2041909d0 JavaThread "C1 CompilerThread1" daemon [_thread_blocked, id=18464, stack(0x000000649b800000,0x000000649b900000)]
  0x000001f204190ef0 JavaThread "C1 CompilerThread2" daemon [_thread_blocked, id=10432, stack(0x000000649b900000,0x000000649ba00000)]
  0x000001f20419f370 JavaThread "Notification Thread" daemon [_thread_blocked, id=2240, stack(0x000000649ba00000,0x000000649bb00000)]
  0x000001f2041ab2f0 JavaThread "Common-Cleaner" daemon [_thread_blocked, id=12976, stack(0x000000649bc00000,0x000000649bd00000)]
  0x000001f20444f7e0 JavaThread "C2 CompilerThread1" daemon [_thread_blocked, id=24100, stack(0x000000649bd00000,0x000000649be00000)]
  0x000001f204424680 JavaThread "C2 CompilerThread2" daemon [_thread_blocked, id=8036, stack(0x000000649be00000,0x000000649bf00000)]
=>0x000001f204543ac0 JavaThread "C2 CompilerThread3" daemon [_thread_in_native, id=2536, stack(0x000000649bf00000,0x000000649c000000)]
  0x000001f204824260 JavaThread "C2 CompilerThread4" daemon [_thread_blocked, id=22772, stack(0x000000649c000000,0x000000649c100000)]

Other Threads:
  0x000001f26cee4f90 VMThread "VM Thread" [stack: 0x000000649ae00000,0x000000649af00000] [id=22452] _threads_hazard_ptr=0x000001f204699850
  0x000001f204192c30 WatcherThread [stack: 0x000000649bb00000,0x000000649bc00000] [id=23396]
  0x000001f252a0fcc0 GCTaskThread "GC Thread#0" [stack: 0x000000649a900000,0x000000649aa00000] [id=7472]
  0x000001f2048ad8d0 GCTaskThread "GC Thread#1" [stack: 0x000000649c100000,0x000000649c200000] [id=21896]
  0x000001f2048164b0 GCTaskThread "GC Thread#2" [stack: 0x000000649c200000,0x000000649c300000] [id=9276]
  0x000001f204824cb0 GCTaskThread "GC Thread#3" [stack: 0x000000649c300000,0x000000649c400000] [id=22760]
  0x000001f252a11410 ConcurrentGCThread "G1 Main Marker" [stack: 0x000000649aa00000,0x000000649ab00000] [id=16960]
  0x000001f252a12b00 ConcurrentGCThread "G1 Conc#0" [stack: 0x000000649ab00000,0x000000649ac00000] [id=11868]
  0x000001f26cda0090 ConcurrentGCThread "G1 Refine#0" [stack: 0x000000649ac00000,0x000000649ad00000] [id=12440]
  0x000001f26cda1970 ConcurrentGCThread "G1 Service" [stack: 0x000000649ad00000,0x000000649ae00000] [id=436]

Threads with active compile tasks:
C2 CompilerThread0     8646  843       4       java.lang.String::hashCode (60 bytes)
C2 CompilerThread1     8646  837       4       java.lang.AbstractStringBuilder::append (45 bytes)
C2 CompilerThread2     8646  842       4       java.util.zip.ZipCoder::hash (36 bytes)
C2 CompilerThread3     8646  783 %     4       java.util.zip.ZipFile$Source::initCEN @ 261 (612 bytes)
C2 CompilerThread4     8646  841       4       java.lang.String::lastIndexOf (12 bytes)

VM state: synchronizing (normal execution)

VM Mutex/Monitor currently owned by a thread:  ([mutex/lock_event])
[0x000001f2505c31b0] Threads_lock - owner thread: 0x000001f26cee4f90

Heap address: 0x00000000fc000000, size: 64 MB, Compressed Oops mode: 32-bit

CDS archive(s) not mapped
Compressed class space mapped at: 0x0000000100000000-0x0000000140000000, reserved size: 1073741824
Narrow klass base: 0x0000000000000000, Narrow klass shift: 3, Narrow klass range: 0x140000000

GC Precious Log:
 CPUs: 16 total, 16 available
 Memory: 16221M
 Large Page Support: Disabled
 NUMA Support: Disabled
 Compressed Oops: Enabled (32-bit)
 Heap Region Size: 1M
 Heap Min Capacity: 64M
 Heap Initial Capacity: 64M
 Heap Max Capacity: 64M
 Pre-touch: Disabled
 Parallel Workers: 13
 Concurrent Workers: 3
 Concurrent Refinement Workers: 13
 Periodic GC: Disabled

Heap:
 garbage-first heap   total 65536K, used 12288K [0x00000000fc000000, 0x0000000100000000)
  region size 1024K, 11 young (11264K), 2 survivors (2048K)
 Metaspace       used 8376K, committed 8640K, reserved 1114112K
  class space    used 717K, committed 832K, reserved 1048576K

Heap Regions: E=young(eden), S=young(survivor), O=old, HS=humongous(starts), HC=humongous(continues), CS=collection set, F=free, OA=open archive, CA=closed archive, TAMS=top-at-mark-start (previous, next)
|   0|0x00000000fc000000, 0x00000000fc100000, 0x00000000fc100000|100%|HS|  |TAMS 0x00000000fc000000, 0x00000000fc000000| Complete 
|   1|0x00000000fc100000, 0x00000000fc200000, 0x00000000fc200000|100%|HC|  |TAMS 0x00000000fc100000, 0x00000000fc100000| Complete 
|   2|0x00000000fc200000, 0x00000000fc300000, 0x00000000fc300000|100%|HC|  |TAMS 0x00000000fc200000, 0x00000000fc200000| Complete 
|   3|0x00000000fc300000, 0x00000000fc300000, 0x00000000fc400000|  0%| F|  |TAMS 0x00000000fc300000, 0x00000000fc300000| Untracked 
|   4|0x00000000fc400000, 0x00000000fc400000, 0x00000000fc500000|  0%| F|  |TAMS 0x00000000fc400000, 0x00000000fc400000| Untracked 
|   5|0x00000000fc500000, 0x00000000fc500000, 0x00000000fc600000|  0%| F|  |TAMS 0x00000000fc500000, 0x00000000fc500000| Untracked 
|   6|0x00000000fc600000, 0x00000000fc600000, 0x00000000fc700000|  0%| F|  |TAMS 0x00000000fc600000, 0x00000000fc600000| Untracked 
|   7|0x00000000fc700000, 0x00000000fc700000, 0x00000000fc800000|  0%| F|  |TAMS 0x00000000fc700000, 0x00000000fc700000| Untracked 
|   8|0x00000000fc800000, 0x00000000fc800000, 0x00000000fc900000|  0%| F|  |TAMS 0x00000000fc800000, 0x00000000fc800000| Untracked 
|   9|0x00000000fc900000, 0x00000000fc900000, 0x00000000fca00000|  0%| F|  |TAMS 0x00000000fc900000, 0x00000000fc900000| Untracked 
|  10|0x00000000fca00000, 0x00000000fca00000, 0x00000000fcb00000|  0%| F|  |TAMS 0x00000000fca00000, 0x00000000fca00000| Untracked 
|  11|0x00000000fcb00000, 0x00000000fcb00000, 0x00000000fcc00000|  0%| F|  |TAMS 0x00000000fcb00000, 0x00000000fcb00000| Untracked 
|  12|0x00000000fcc00000, 0x00000000fcc00000, 0x00000000fcd00000|  0%| F|  |TAMS 0x00000000fcc00000, 0x00000000fcc00000| Untracked 
|  13|0x00000000fcd00000, 0x00000000fcd00000, 0x00000000fce00000|  0%| F|  |TAMS 0x00000000fcd00000, 0x00000000fcd00000| Untracked 
|  14|0x00000000fce00000, 0x00000000fce00000, 0x00000000fcf00000|  0%| F|  |TAMS 0x00000000fce00000, 0x00000000fce00000| Untracked 
|  15|0x00000000fcf00000, 0x00000000fcf00000, 0x00000000fd000000|  0%| F|  |TAMS 0x00000000fcf00000, 0x00000000fcf00000| Untracked 
|  16|0x00000000fd000000, 0x00000000fd000000, 0x00000000fd100000|  0%| F|  |TAMS 0x00000000fd000000, 0x00000000fd000000| Untracked 
|  17|0x00000000fd100000, 0x00000000fd100000, 0x00000000fd200000|  0%| F|  |TAMS 0x00000000fd100000, 0x00000000fd100000| Untracked 
|  18|0x00000000fd200000, 0x00000000fd200000, 0x00000000fd300000|  0%| F|  |TAMS 0x00000000fd200000, 0x00000000fd200000| Untracked 
|  19|0x00000000fd300000, 0x00000000fd300000, 0x00000000fd400000|  0%| F|  |TAMS 0x00000000fd300000, 0x00000000fd300000| Untracked 
|  20|0x00000000fd400000, 0x00000000fd400000, 0x00000000fd500000|  0%| F|  |TAMS 0x00000000fd400000, 0x00000000fd400000| Untracked 
|  21|0x00000000fd500000, 0x00000000fd500000, 0x00000000fd600000|  0%| F|  |TAMS 0x00000000fd500000, 0x00000000fd500000| Untracked 
|  22|0x00000000fd600000, 0x00000000fd600000, 0x00000000fd700000|  0%| F|  |TAMS 0x00000000fd600000, 0x00000000fd600000| Untracked 
|  23|0x00000000fd700000, 0x00000000fd700000, 0x00000000fd800000|  0%| F|  |TAMS 0x00000000fd700000, 0x00000000fd700000| Untracked 
|  24|0x00000000fd800000, 0x00000000fd800000, 0x00000000fd900000|  0%| F|  |TAMS 0x00000000fd800000, 0x00000000fd800000| Untracked 
|  25|0x00000000fd900000, 0x00000000fd900000, 0x00000000fda00000|  0%| F|  |TAMS 0x00000000fd900000, 0x00000000fd900000| Untracked 
|  26|0x00000000fda00000, 0x00000000fda00000, 0x00000000fdb00000|  0%| F|  |TAMS 0x00000000fda00000, 0x00000000fda00000| Untracked 
|  27|0x00000000fdb00000, 0x00000000fdb00000, 0x00000000fdc00000|  0%| F|  |TAMS 0x00000000fdb00000, 0x00000000fdb00000| Untracked 
|  28|0x00000000fdc00000, 0x00000000fdc00000, 0x00000000fdd00000|  0%| F|  |TAMS 0x00000000fdc00000, 0x00000000fdc00000| Untracked 
|  29|0x00000000fdd00000, 0x00000000fdd00000, 0x00000000fde00000|  0%| F|  |TAMS 0x00000000fdd00000, 0x00000000fdd00000| Untracked 
|  30|0x00000000fde00000, 0x00000000fde00000, 0x00000000fdf00000|  0%| F|  |TAMS 0x00000000fde00000, 0x00000000fde00000| Untracked 
|  31|0x00000000fdf00000, 0x00000000fdf00000, 0x00000000fe000000|  0%| F|  |TAMS 0x00000000fdf00000, 0x00000000fdf00000| Untracked 
|  32|0x00000000fe000000, 0x00000000fe000000, 0x00000000fe100000|  0%| F|  |TAMS 0x00000000fe000000, 0x00000000fe000000| Untracked 
|  33|0x00000000fe100000, 0x00000000fe100000, 0x00000000fe200000|  0%| F|  |TAMS 0x00000000fe100000, 0x00000000fe100000| Untracked 
|  34|0x00000000fe200000, 0x00000000fe200000, 0x00000000fe300000|  0%| F|  |TAMS 0x00000000fe200000, 0x00000000fe200000| Untracked 
|  35|0x00000000fe300000, 0x00000000fe300000, 0x00000000fe400000|  0%| F|  |TAMS 0x00000000fe300000, 0x00000000fe300000| Untracked 
|  36|0x00000000fe400000, 0x00000000fe400000, 0x00000000fe500000|  0%| F|  |TAMS 0x00000000fe400000, 0x00000000fe400000| Untracked 
|  37|0x00000000fe500000, 0x00000000fe500000, 0x00000000fe600000|  0%| F|  |TAMS 0x00000000fe500000, 0x00000000fe500000| Untracked 
|  38|0x00000000fe600000, 0x00000000fe600000, 0x00000000fe700000|  0%| F|  |TAMS 0x00000000fe600000, 0x00000000fe600000| Untracked 
|  39|0x00000000fe700000, 0x00000000fe800000, 0x00000000fe800000|100%| S|CS|TAMS 0x00000000fe700000, 0x00000000fe700000| Complete 
|  40|0x00000000fe800000, 0x00000000fe900000, 0x00000000fe900000|100%| S|CS|TAMS 0x00000000fe800000, 0x00000000fe800000| Complete 
|  41|0x00000000fe900000, 0x00000000fe900000, 0x00000000fea00000|  0%| F|  |TAMS 0x00000000fe900000, 0x00000000fe900000| Untracked 
|  42|0x00000000fea00000, 0x00000000fea00000, 0x00000000feb00000|  0%| F|  |TAMS 0x00000000fea00000, 0x00000000fea00000| Untracked 
|  43|0x00000000feb00000, 0x00000000feb00000, 0x00000000fec00000|  0%| F|  |TAMS 0x00000000feb00000, 0x00000000feb00000| Untracked 
|  44|0x00000000fec00000, 0x00000000fec00000, 0x00000000fed00000|  0%| F|  |TAMS 0x00000000fec00000, 0x00000000fec00000| Untracked 
|  45|0x00000000fed00000, 0x00000000fed00000, 0x00000000fee00000|  0%| F|  |TAMS 0x00000000fed00000, 0x00000000fed00000| Untracked 
|  46|0x00000000fee00000, 0x00000000fee00000, 0x00000000fef00000|  0%| F|  |TAMS 0x00000000fee00000, 0x00000000fee00000| Untracked 
|  47|0x00000000fef00000, 0x00000000fef00000, 0x00000000ff000000|  0%| F|  |TAMS 0x00000000fef00000, 0x00000000fef00000| Untracked 
|  48|0x00000000ff000000, 0x00000000ff000000, 0x00000000ff100000|  0%| F|  |TAMS 0x00000000ff000000, 0x00000000ff000000| Untracked 
|  49|0x00000000ff100000, 0x00000000ff100000, 0x00000000ff200000|  0%| F|  |TAMS 0x00000000ff100000, 0x00000000ff100000| Untracked 
|  50|0x00000000ff200000, 0x00000000ff200000, 0x00000000ff300000|  0%| F|  |TAMS 0x00000000ff200000, 0x00000000ff200000| Untracked 
|  51|0x00000000ff300000, 0x00000000ff300000, 0x00000000ff400000|  0%| F|  |TAMS 0x00000000ff300000, 0x00000000ff300000| Untracked 
|  52|0x00000000ff400000, 0x00000000ff400000, 0x00000000ff500000|  0%| F|  |TAMS 0x00000000ff400000, 0x00000000ff400000| Untracked 
|  53|0x00000000ff500000, 0x00000000ff500000, 0x00000000ff600000|  0%| F|  |TAMS 0x00000000ff500000, 0x00000000ff500000| Untracked 
|  54|0x00000000ff600000, 0x00000000ff600000, 0x00000000ff700000|  0%| F|  |TAMS 0x00000000ff600000, 0x00000000ff600000| Untracked 
|  55|0x00000000ff700000, 0x00000000ff780000, 0x00000000ff800000| 50%| E|  |TAMS 0x00000000ff700000, 0x00000000ff700000| Complete 
|  56|0x00000000ff800000, 0x00000000ff900000, 0x00000000ff900000|100%| E|CS|TAMS 0x00000000ff800000, 0x00000000ff800000| Complete 
|  57|0x00000000ff900000, 0x00000000ffa00000, 0x00000000ffa00000|100%| E|CS|TAMS 0x00000000ff900000, 0x00000000ff900000| Complete 
|  58|0x00000000ffa00000, 0x00000000ffb00000, 0x00000000ffb00000|100%| E|CS|TAMS 0x00000000ffa00000, 0x00000000ffa00000| Complete 
|  59|0x00000000ffb00000, 0x00000000ffc00000, 0x00000000ffc00000|100%| E|CS|TAMS 0x00000000ffb00000, 0x00000000ffb00000| Complete 
|  60|0x00000000ffc00000, 0x00000000ffd00000, 0x00000000ffd00000|100%| E|CS|TAMS 0x00000000ffc00000, 0x00000000ffc00000| Complete 
|  61|0x00000000ffd00000, 0x00000000ffe00000, 0x00000000ffe00000|100%| E|CS|TAMS 0x00000000ffd00000, 0x00000000ffd00000| Complete 
|  62|0x00000000ffe00000, 0x00000000fff00000, 0x00000000fff00000|100%| E|  |TAMS 0x00000000ffe00000, 0x00000000ffe00000| Complete 
|  63|0x00000000fff00000, 0x0000000100000000, 0x0000000100000000|100%| E|CS|TAMS 0x00000000fff00000, 0x00000000fff00000| Complete 

Card table byte_map: [0x000001f252920000,0x000001f252940000] _byte_map_base: 0x000001f252140000

Marking Bits (Prev, Next): (CMBitMap*) 0x000001f252a102e0, (CMBitMap*) 0x000001f252a10320
 Prev Bits: [0x000001f269dc0000, 0x000001f269ec0000)
 Next Bits: [0x000001f269ec0000, 0x000001f269fc0000)

Polling page: 0x000001f2521a0000

Metaspace:

Usage:
  Non-class:      7.48 MB used.
      Class:    717.56 KB used.
       Both:      8.18 MB used.

Virtual space:
  Non-class space:       64.00 MB reserved,       7.62 MB ( 12%) committed,  1 nodes.
      Class space:        1.00 GB reserved,     832.00 KB ( <1%) committed,  1 nodes.
             Both:        1.06 GB reserved,       8.44 MB ( <1%) committed. 

Chunk freelists:
   Non-Class:  8.17 MB
       Class:  15.17 MB
        Both:  23.34 MB

MaxMetaspaceSize: unlimited
CompressedClassSpaceSize: 1.00 GB
Initial GC threshold: 21.00 MB
Current GC threshold: 21.00 MB
CDS: off
MetaspaceReclaimPolicy: balanced
 - commit_granule_bytes: 65536.
 - commit_granule_words: 8192.
 - virtual_space_node_default_size: 8388608.
 - enlarge_chunks_in_place: 1.
 - new_chunks_are_fully_committed: 0.
 - uncommit_free_chunks: 1.
 - use_allocation_guard: 0.
 - handle_deallocations: 1.


Internal statistics:

num_allocs_failed_limit: 0.
num_arena_births: 14.
num_arena_deaths: 0.
num_vsnodes_births: 2.
num_vsnodes_deaths: 0.
num_space_committed: 135.
num_space_uncommitted: 0.
num_chunks_returned_to_freelist: 0.
num_chunks_taken_from_freelist: 70.
num_chunk_merges: 0.
num_chunk_splits: 37.
num_chunks_enlarged: 23.
num_inconsistent_stats: 0.

CodeHeap 'non-profiled nmethods': size=119168Kb used=334Kb max_used=334Kb free=118833Kb
 bounds [0x000001f2620d0000, 0x000001f262340000, 0x000001f269530000]
CodeHeap 'profiled nmethods': size=119104Kb used=1583Kb max_used=1583Kb free=117520Kb
 bounds [0x000001f25a530000, 0x000001f25a7a0000, 0x000001f261980000]
CodeHeap 'non-nmethods': size=7488Kb used=2260Kb max_used=2303Kb free=5227Kb
 bounds [0x000001f261980000, 0x000001f261bf0000, 0x000001f2620d0000]
 total_blobs=1255 nmethods=850 adapters=316
 compilation: enabled
              stopped_count=0, restarted_count=0
 full_count=0

Compilation events (20 events):
Event: 4.592 Thread 0x000001f2041909d0  840       1       java.util.jar.Manifest::getMainAttributes (5 bytes)
Event: 4.592 Thread 0x000001f2041909d0 nmethod 840 0x000001f262120c90 code [0x000001f262120e20, 0x000001f262120ef8]
Event: 4.592 Thread 0x000001f204824260  841       4       java.lang.String::lastIndexOf (12 bytes)
Event: 4.592 Thread 0x000001f204424680  842       4       java.util.zip.ZipCoder::hash (36 bytes)
Event: 4.593 Thread 0x000001f204016ff0 nmethod 839 0x000001f25a6b6010 code [0x000001f25a6b6260, 0x000001f25a6b6be8]
Event: 4.593 Thread 0x000001f2040145e0  843       4       java.lang.String::hashCode (60 bytes)
Event: 4.593 Thread 0x000001f204016ff0  845   !   3       sun.nio.fs.WindowsPath::initOffsets (153 bytes)
Event: 4.593 Thread 0x000001f2041909d0  844       3       java.lang.Integer::valueOf (32 bytes)
Event: 4.594 Thread 0x000001f2041909d0 nmethod 844 0x000001f25a6b6f90 code [0x000001f25a6b7140, 0x000001f25a6b7458]
Event: 4.596 Thread 0x000001f204016ff0 nmethod 845 0x000001f25a6b7590 code [0x000001f25a6b7980, 0x000001f25a6b9b38]
Event: 4.596 Thread 0x000001f204190ef0  849  s    3       jdk.internal.loader.Resource::cachedInputStream (20 bytes)
Event: 4.596 Thread 0x000001f204016ff0  847       1       jdk.internal.loader.URLClassPath$Loader::getBaseURL (5 bytes)
Event: 4.596 Thread 0x000001f2041909d0  848       1       java.util.jar.Manifest::getEntries (5 bytes)
Event: 4.596 Thread 0x000001f204016ff0 nmethod 847 0x000001f262120f90 code [0x000001f262121120, 0x000001f2621211f8]
Event: 4.596 Thread 0x000001f2041909d0 nmethod 848 0x000001f262121290 code [0x000001f262121420, 0x000001f2621214f8]
Event: 4.597 Thread 0x000001f204016ff0  850       1       java.util.zip.ZipEntry::getCrc (5 bytes)
Event: 4.597 Thread 0x000001f204190ef0 nmethod 849 0x000001f25a6ba890 code [0x000001f25a6baa40, 0x000001f25a6bad68]
Event: 4.597 Thread 0x000001f204016ff0 nmethod 850 0x000001f262121a90 code [0x000001f262121c20, 0x000001f262121cf8]
Event: 4.597 Thread 0x000001f2041909d0  852       3       java.security.CodeSource::getCertificates (98 bytes)
Event: 4.598 Thread 0x000001f2041909d0 nmethod 852 0x000001f25a6bae90 code [0x000001f25a6bb100, 0x000001f25a6bbcb8]

GC Heap History (2 events):
Event: 3.446 GC heap before
{Heap before GC invocations=0 (full 0):
 garbage-first heap   total 65536K, used 22528K [0x00000000fc000000, 0x0000000100000000)
  region size 1024K, 23 young (23552K), 0 survivors (0K)
 Metaspace       used 8063K, committed 8256K, reserved 1114112K
  class space    used 685K, committed 768K, reserved 1048576K
}
Event: 3.448 GC heap after
{Heap after GC invocations=1 (full 0):
 garbage-first heap   total 65536K, used 2048K [0x00000000fc000000, 0x0000000100000000)
  region size 1024K, 2 young (2048K), 2 survivors (2048K)
 Metaspace       used 8063K, committed 8256K, reserved 1114112K
  class space    used 685K, committed 768K, reserved 1048576K
}

Dll operation events (7 events):
Event: 0.006 Loaded shared library C:\Program Files\Microsoft\jdk-17.0.15.6-hotspot\bin\java.dll
Event: 2.081 Loaded shared library C:\Program Files\Microsoft\jdk-17.0.15.6-hotspot\bin\jsvml.dll
Event: 2.145 Loaded shared library C:\Program Files\Microsoft\jdk-17.0.15.6-hotspot\bin\net.dll
Event: 2.146 Loaded shared library C:\Program Files\Microsoft\jdk-17.0.15.6-hotspot\bin\nio.dll
Event: 2.152 Loaded shared library C:\Program Files\Microsoft\jdk-17.0.15.6-hotspot\bin\zip.dll
Event: 2.157 Loaded shared library C:\Program Files\Microsoft\jdk-17.0.15.6-hotspot\bin\verify.dll
Event: 2.414 Loaded shared library C:\Program Files\Microsoft\jdk-17.0.15.6-hotspot\bin\jimage.dll

Deoptimization events (20 events):
Event: 3.476 Thread 0x000001f25064cf30 DEOPT PACKING pc=0x000001f262101b48 sp=0x000000649a8fcda0
Event: 3.476 Thread 0x000001f25064cf30 DEOPT UNPACKING pc=0x000001f2619da1a3 sp=0x000000649a8fccb0 mode 2
Event: 3.497 Thread 0x000001f25064cf30 DEOPT PACKING pc=0x000001f25a56c840 sp=0x000000649a8fc6a0
Event: 3.497 Thread 0x000001f25064cf30 DEOPT UNPACKING pc=0x000001f2619dace3 sp=0x000000649a8fbb60 mode 0
Event: 3.510 Thread 0x000001f25064cf30 DEOPT PACKING pc=0x000001f25a599c4a sp=0x000000649a8fc0b0
Event: 3.510 Thread 0x000001f25064cf30 DEOPT UNPACKING pc=0x000001f2619dace3 sp=0x000000649a8fb550 mode 0
Event: 3.525 Thread 0x000001f25064cf30 DEOPT PACKING pc=0x000001f25a65b794 sp=0x000000649a8fc3f0
Event: 3.525 Thread 0x000001f25064cf30 DEOPT UNPACKING pc=0x000001f2619dace3 sp=0x000000649a8fb8b0 mode 0
Event: 3.559 Thread 0x000001f25064cf30 Uncommon trap: trap_request=0xffffff45 fr.pc=0x000001f262113434 relative=0x0000000000000974
Event: 3.559 Thread 0x000001f25064cf30 Uncommon trap: reason=unstable_if action=reinterpret pc=0x000001f262113434 method=java.util.zip.ZipCoder$UTF8ZipCoder.checkedHash([BII)I @ 27 c2
Event: 3.559 Thread 0x000001f25064cf30 DEOPT PACKING pc=0x000001f262113434 sp=0x000000649a8fc350
Event: 3.559 Thread 0x000001f25064cf30 DEOPT UNPACKING pc=0x000001f2619da1a3 sp=0x000000649a8fc2a8 mode 2
Event: 3.559 Thread 0x000001f25064cf30 Uncommon trap: trap_request=0xffffff45 fr.pc=0x000001f2620da83c relative=0x00000000000001bc
Event: 3.559 Thread 0x000001f25064cf30 Uncommon trap: reason=unstable_if action=reinterpret pc=0x000001f2620da83c method=java.lang.String.hashCode()I @ 20 c2
Event: 3.559 Thread 0x000001f25064cf30 DEOPT PACKING pc=0x000001f2620da83c sp=0x000000649a8fc1e0
Event: 3.559 Thread 0x000001f25064cf30 DEOPT UNPACKING pc=0x000001f2619da1a3 sp=0x000000649a8fc170 mode 2
Event: 3.559 Thread 0x000001f25064cf30 Uncommon trap: trap_request=0xffffff45 fr.pc=0x000001f262112598 relative=0x0000000000000178
Event: 3.559 Thread 0x000001f25064cf30 Uncommon trap: reason=unstable_if action=reinterpret pc=0x000001f262112598 method=java.util.zip.ZipFile$Source.isMetaName([BII)Z @ 57 c2
Event: 3.559 Thread 0x000001f25064cf30 DEOPT PACKING pc=0x000001f262112598 sp=0x000000649a8fc3f0
Event: 3.559 Thread 0x000001f25064cf30 DEOPT UNPACKING pc=0x000001f2619da1a3 sp=0x000000649a8fc380 mode 2

Classes loaded (20 events):
Event: 3.442 Loading class java/util/TreeSet
Event: 3.443 Loading class java/util/NavigableSet
Event: 3.443 Loading class java/util/SortedSet
Event: 3.443 Loading class java/util/SortedSet done
Event: 3.443 Loading class java/util/NavigableSet done
Event: 3.443 Loading class java/util/TreeSet done
Event: 3.443 Loading class java/util/TreeMap$KeySet
Event: 3.443 Loading class java/util/TreeMap$KeySet done
Event: 3.444 Loading class java/util/TreeMap$KeyIterator
Event: 3.444 Loading class java/util/TreeMap$PrivateEntryIterator
Event: 3.444 Loading class java/util/TreeMap$PrivateEntryIterator done
Event: 3.444 Loading class java/util/TreeMap$KeyIterator done
Event: 4.588 Loading class java/util/concurrent/atomic/AtomicReference
Event: 4.588 Loading class java/util/concurrent/atomic/AtomicReference done
Event: 4.588 Loading class java/lang/invoke/VarHandleReferences$FieldInstanceReadWrite
Event: 4.589 Loading class java/lang/invoke/VarHandleReferences$FieldInstanceReadOnly
Event: 4.589 Loading class java/lang/invoke/VarHandleReferences$FieldInstanceReadOnly done
Event: 4.589 Loading class java/lang/invoke/VarHandleReferences$FieldInstanceReadWrite done
Event: 4.593 Loading class java/lang/UnsupportedOperationException
Event: 4.593 Loading class java/lang/UnsupportedOperationException done

Classes unloaded (0 events):
No events

Classes redefined (0 events):
No events

Internal exceptions (1 events):
Event: 2.240 Thread 0x000001f25064cf30 Exception <a 'java/lang/NoSuchMethodError'{0x00000000ffcebcc8}: 'int java.lang.invoke.DirectMethodHandle$Holder.invokeStaticInit(java.lang.Object, java.lang.Object)'> (0x00000000ffcebcc8) 
thrown [s\src\hotspot\share\interpreter\linkResolver.cpp, line 759]

VM Operations (9 events):
Event: 2.154 Executing VM operation: HandshakeAllThreads
Event: 2.154 Executing VM operation: HandshakeAllThreads done
Event: 3.161 Executing VM operation: Cleanup
Event: 3.161 Executing VM operation: Cleanup done
Event: 3.446 Executing VM operation: G1CollectForAllocation
Event: 3.448 Executing VM operation: G1CollectForAllocation done
Event: 4.461 Executing VM operation: Cleanup
Event: 4.462 Executing VM operation: Cleanup done
Event: 5.475 Executing VM operation: Cleanup

Memory protections (0 events):
No events

Nmethod flushes (0 events):
No events

Events (18 events):
Event: 2.081 Thread 0x000001f25064cf30 Thread added: 0x000001f25064cf30
Event: 2.091 Thread 0x000001f25064cf30 Thread added: 0x000001f26cf5f260
Event: 2.091 Thread 0x000001f25064cf30 Thread added: 0x000001f26cf5fe20
Event: 2.108 Thread 0x000001f25064cf30 Thread added: 0x000001f26cf8ea20
Event: 2.108 Thread 0x000001f25064cf30 Thread added: 0x000001f204012570
Event: 2.108 Thread 0x000001f25064cf30 Thread added: 0x000001f204012f30
Event: 2.108 Thread 0x000001f25064cf30 Thread added: 0x000001f2040138f0
Event: 2.108 Thread 0x000001f25064cf30 Thread added: 0x000001f2040145e0
Event: 2.108 Thread 0x000001f25064cf30 Thread added: 0x000001f204016ff0
Event: 2.108 Thread 0x000001f25064cf30 Thread added: 0x000001f204017900
Event: 2.129 Thread 0x000001f204016ff0 Thread added: 0x000001f2041909d0
Event: 2.129 Thread 0x000001f204016ff0 Thread added: 0x000001f204190ef0
Event: 2.131 Thread 0x000001f25064cf30 Thread added: 0x000001f20419f370
Event: 2.138 Thread 0x000001f25064cf30 Thread added: 0x000001f2041ab2f0
Event: 2.407 Thread 0x000001f204016ff0 Thread added: 0x000001f20444f7e0
Event: 2.407 Thread 0x000001f204016ff0 Thread added: 0x000001f204424680
Event: 2.409 Thread 0x000001f20444f7e0 Thread added: 0x000001f204543ac0
Event: 3.435 Thread 0x000001f204016ff0 Thread added: 0x000001f204824260


Dynamic libraries:
0x00007ff650d90000 - 0x00007ff650d9e000 	C:\Program Files\Microsoft\jdk-17.0.15.6-hotspot\bin\java.exe
0x00007ffc62720000 - 0x00007ffc62986000 	C:\WINDOWS\SYSTEM32\ntdll.dll
0x00007ffc62520000 - 0x00007ffc625e9000 	C:\WINDOWS\System32\KERNEL32.DLL
0x00007ffc5fd90000 - 0x00007ffc6015c000 	C:\WINDOWS\System32\KERNELBASE.dll
0x00007ffc5fc40000 - 0x00007ffc5fd8b000 	C:\WINDOWS\System32\ucrtbase.dll
0x00007ffc5ac00000 - 0x00007ffc5ac17000 	C:\Program Files\Microsoft\jdk-17.0.15.6-hotspot\bin\jli.dll
0x00007ffc5c7b0000 - 0x00007ffc5c7cd000 	C:\Program Files\Microsoft\jdk-17.0.15.6-hotspot\bin\VCRUNTIME140.dll
0x00007ffc614e0000 - 0x00007ffc616aa000 	C:\WINDOWS\System32\USER32.dll
0x00007ffc5f950000 - 0x00007ffc5f977000 	C:\WINDOWS\System32\win32u.dll
0x00007ffc4ca00000 - 0x00007ffc4cc9a000 	C:\WINDOWS\WinSxS\amd64_microsoft.windows.common-controls_6595b64144ccf1df_6.0.26100.3950_none_3e0bc4f4e3314598\COMCTL32.dll
0x00007ffc61010000 - 0x00007ffc6103b000 	C:\WINDOWS\System32\GDI32.dll
0x00007ffc604c0000 - 0x00007ffc60569000 	C:\WINDOWS\System32\msvcrt.dll
0x00007ffc5fb00000 - 0x00007ffc5fc31000 	C:\WINDOWS\System32\gdi32full.dll
0x00007ffc60160000 - 0x00007ffc60203000 	C:\WINDOWS\System32\msvcp_win.dll
0x00007ffc61040000 - 0x00007ffc61070000 	C:\WINDOWS\System32\IMM32.DLL
0x00007ffc5c7e0000 - 0x00007ffc5c7ec000 	C:\Program Files\Microsoft\jdk-17.0.15.6-hotspot\bin\vcruntime140_1.dll
0x00007ffc46800000 - 0x00007ffc4688d000 	C:\Program Files\Microsoft\jdk-17.0.15.6-hotspot\bin\msvcp140.dll
0x00007ffbff890000 - 0x00007ffc00502000 	C:\Program Files\Microsoft\jdk-17.0.15.6-hotspot\bin\server\jvm.dll
0x00007ffc61080000 - 0x00007ffc61132000 	C:\WINDOWS\System32\ADVAPI32.dll
0x00007ffc605c0000 - 0x00007ffc60666000 	C:\WINDOWS\System32\sechost.dll
0x00007ffc62400000 - 0x00007ffc62515000 	C:\WINDOWS\System32\RPCRT4.dll
0x00007ffc60d10000 - 0x00007ffc60d84000 	C:\WINDOWS\System32\WS2_32.dll
0x00007ffc5f700000 - 0x00007ffc5f75e000 	C:\WINDOWS\SYSTEM32\POWRPROF.dll
0x00007ffc583e0000 - 0x00007ffc583eb000 	C:\WINDOWS\SYSTEM32\VERSION.dll
0x00007ffc528f0000 - 0x00007ffc52926000 	C:\WINDOWS\SYSTEM32\WINMM.dll
0x00007ffc5f6c0000 - 0x00007ffc5f6d4000 	C:\WINDOWS\SYSTEM32\UMPDC.dll
0x00007ffc5e630000 - 0x00007ffc5e64b000 	C:\WINDOWS\SYSTEM32\kernel.appcore.dll
0x00007ffc5abf0000 - 0x00007ffc5abfa000 	C:\Program Files\Microsoft\jdk-17.0.15.6-hotspot\bin\jimage.dll
0x00007ffc3d980000 - 0x00007ffc3dbc1000 	C:\WINDOWS\SYSTEM32\DBGHELP.DLL
0x00007ffc618b0000 - 0x00007ffc61c36000 	C:\WINDOWS\System32\combase.dll
0x00007ffc617c0000 - 0x00007ffc618a1000 	C:\WINDOWS\System32\OLEAUT32.dll
0x00007ffc4ba60000 - 0x00007ffc4ba99000 	C:\WINDOWS\SYSTEM32\dbgcore.DLL
0x00007ffc602a0000 - 0x00007ffc60339000 	C:\WINDOWS\System32\bcryptPrimitives.dll
0x00007ffc5a230000 - 0x00007ffc5a255000 	C:\Program Files\Microsoft\jdk-17.0.15.6-hotspot\bin\java.dll
0x00007ffc46720000 - 0x00007ffc467f6000 	C:\Program Files\Microsoft\jdk-17.0.15.6-hotspot\bin\jsvml.dll
0x00007ffc61cb0000 - 0x00007ffc623f1000 	C:\WINDOWS\System32\SHELL32.dll
0x00007ffc60340000 - 0x00007ffc604b4000 	C:\WINDOWS\System32\wintypes.dll
0x00007ffc5d4f0000 - 0x00007ffc5dd45000 	C:\WINDOWS\SYSTEM32\windows.storage.dll
0x00007ffc61330000 - 0x00007ffc61421000 	C:\WINDOWS\System32\SHCORE.dll
0x00007ffc625f0000 - 0x00007ffc6265a000 	C:\WINDOWS\System32\shlwapi.dll
0x00007ffc5f7a0000 - 0x00007ffc5f7cf000 	C:\WINDOWS\SYSTEM32\profapi.dll
0x00007ffc5abd0000 - 0x00007ffc5abea000 	C:\Program Files\Microsoft\jdk-17.0.15.6-hotspot\bin\net.dll
0x00007ffc58dc0000 - 0x00007ffc58ede000 	C:\WINDOWS\SYSTEM32\WINHTTP.dll
0x00007ffc5eb80000 - 0x00007ffc5ebe8000 	C:\WINDOWS\system32\mswsock.dll
0x00007ffc5ab40000 - 0x00007ffc5ab56000 	C:\Program Files\Microsoft\jdk-17.0.15.6-hotspot\bin\nio.dll
0x00007ffc51080000 - 0x00007ffc51098000 	C:\Program Files\Microsoft\jdk-17.0.15.6-hotspot\bin\zip.dll
0x00007ffc51070000 - 0x00007ffc51080000 	C:\Program Files\Microsoft\jdk-17.0.15.6-hotspot\bin\verify.dll

dbghelp: loaded successfully - version: 4.0.5 - missing functions: none
symbol engine: initialized successfully - sym options: 0x614 - pdb path: .;C:\Program Files\Microsoft\jdk-17.0.15.6-hotspot\bin;C:\WINDOWS\SYSTEM32;C:\WINDOWS\WinSxS\amd64_microsoft.windows.common-controls_6595b64144ccf1df_6.0.26100.3950_none_3e0bc4f4e3314598;C:\Program Files\Microsoft\jdk-17.0.15.6-hotspot\bin\server

VM Arguments:
jvm_args: -Xmx64m -Xms64m -Dorg.gradle.appname=gradlew 
java_command: org.gradle.wrapper.GradleWrapperMain app:installDebug -PreactNativeDevServerPort=8081
java_class_path (initial): C:\Users\user\Desktop\React Native\projectSam\android\\gradle\wrapper\gradle-wrapper.jar
Launcher Type: SUN_STANDARD

[Global flags]
     intx CICompilerCount                          = 12                                        {product} {ergonomic}
     uint ConcGCThreads                            = 3                                         {product} {ergonomic}
     uint G1ConcRefinementThreads                  = 13                                        {product} {ergonomic}
   size_t G1HeapRegionSize                         = 1048576                                   {product} {ergonomic}
    uintx GCDrainStackTargetSize                   = 64                                        {product} {ergonomic}
   size_t InitialHeapSize                          = 67108864                                  {product} {command line}
   size_t MarkStackSize                            = 4194304                                   {product} {ergonomic}
   size_t MaxHeapSize                              = 67108864                                  {product} {command line}
   size_t MaxNewSize                               = 39845888                                  {product} {ergonomic}
   size_t MinHeapDeltaBytes                        = 1048576                                   {product} {ergonomic}
   size_t MinHeapSize                              = 67108864                                  {product} {command line}
    uintx NonNMethodCodeHeapSize                   = 7602480                                {pd product} {ergonomic}
    uintx NonProfiledCodeHeapSize                  = 122027880                              {pd product} {ergonomic}
    uintx ProfiledCodeHeapSize                     = 122027880                              {pd product} {ergonomic}
    uintx ReservedCodeCacheSize                    = 251658240                              {pd product} {ergonomic}
     bool SegmentedCodeCache                       = true                                      {product} {ergonomic}
   size_t SoftMaxHeapSize                          = 67108864                               {manageable} {ergonomic}
     bool UseCompressedClassPointers               = true                           {product lp64_product} {ergonomic}
     bool UseCompressedOops                        = true                           {product lp64_product} {ergonomic}
     bool UseG1GC                                  = true                                      {product} {ergonomic}
     bool UseLargePagesIndividualAllocation        = false                                  {pd product} {ergonomic}

Logging:
Log output configuration:
 #0: stdout all=warning uptime,level,tags
 #1: stderr all=off uptime,level,tags

Environment Variables:
JAVA_HOME=C:\Program Files\Microsoft\jdk-17.0.15.6-hotspot
CLASSPATH=C:\Users\user\Desktop\React Native\projectSam\android\\gradle\wrapper\gradle-wrapper.jar
PATH=C:\Users\user\Desktop\React Native\projectSam\node_modules\.bin;C:\Users\user\Desktop\React Native\node_modules\.bin;C:\Users\user\Desktop\node_modules\.bin;C:\Users\user\node_modules\.bin;C:\Users\node_modules\.bin;C:\node_modules\.bin;C:\Users\user\AppData\Roaming\npm\node_modules\npm\node_modules\@npmcli\run-script\lib\node-gyp-bin;C:\Program Files\Microsoft\jdk-17.0.15.6-hotspot\bin;C:\Program Files\Common Files\Oracle\Java\javapath;C:\Windows\system32;C:\Windows;C:\Windows\System32\Wbem;C:\Windows\System32\WindowsPowerShell\v1.0\;C:\Windows\System32\OpenSSH\;C:\Program Files\dotnet\;C:\Program Files\Csound6_x64\bin;C:\Program Files (x86)\NVIDIA Corporation\PhysX\Common;C:\Program Files\NVIDIA Corporation\NVIDIA NvDLISR;C:\MinGW\bin;C:\WINDOWS\system32;C:\WINDOWS;C:\WINDOWS\System32\Wbem;C:\WINDOWS\System32\WindowsPowerShell\v1.0\;C:\WINDOWS\System32\OpenSSH\;C:\Program Files\Git\cmd;C:\Program Files\PuTTY\;C:\ProgramData\chocolatey\bin;C:\Program Files\nodejs\;C:\Users\user\AppData\Local\Android\Sdk\platforms;C:\Users\user\AppData\Local\Android\Sdk\platform-tools;C:\Users\user\AppData\Local\Android\Sdk\build-tools;C:\Users\user\AppData\Local\Android\Sdk\emulator;C:\Users\user\AppData\Local\Android\Sdk;C:\Program Files\Microsoft\jdk-17.0.15.6-hotspot\bin;C:\Users\user\AppData\Local\Android\Sdk\tools;C:\Users\user\AppData\Local\Android\Sdk\tools;C:\Users\user\AppData\Local\Programs\Python\Python312\Scripts\;C:\Users\user\AppData\Local\Programs\Python\Python312\;C:\Users\user\.console-ninja\.bin;C:\Users\user\AppData\Local\Microsoft\WindowsApps;C:\Users\user\AppData\Local\GitHubDesktop\bin;C:\Users\user\AppData\Local\Programs\Microsoft VS Code\bin;C:\Users\user\AppData\Local\Microsoft\WindowsApps;C:\Users\user\AppData\Local\Programs\cursor\resources\app\bin;C:\Users\user\AppData\Roaming\npm;C:\Users\user\AppData\Local\Android\Sdk\platform-tools;C:\Users\user\AppData\Local\Android\Sdk\emulator;C:\Users\user\AppData\Local\Android\Sdk\build-tools;C:\Users\user\AppData\Local\Android\Sdk\platforms;C:\Program Files\Microsoft\jdk-17.0.15.6-hotspot;C:\Program Files\Microsoft\jdk-17.0.15.6-hotspot\bin;C:\Users\user\AppData\Local\Android\Sdk;
USERNAME=user
LANG=en_US.UTF-8
OS=Windows_NT
PROCESSOR_IDENTIFIER=Intel64 Family 6 Model 167 Stepping 1, GenuineIntel
TMP=C:\Users\user\AppData\Local\Temp
TEMP=C:\Users\user\AppData\Local\Temp



Periodic native trim disabled


---------------  S Y S T E M  ---------------

OS:
 Windows 11 , 64 bit Build 26100 (10.0.26100.3941)
OS uptime: 0 days 4:58 hours
Hyper-V role detected

CPU: total 16 (initial active 16) (8 cores per cpu, 2 threads per core) family 6 model 167 stepping 1 microcode 0x40, cx8, cmov, fxsr, ht, mmx, 3dnowpref, sse, sse2, sse3, ssse3, sse4.1, sse4.2, popcnt, lzcnt, tsc, tscinvbit, avx, avx2, aes, erms, clmul, bmi1, bmi2, adx, avx512f, avx512dq, avx512cd, avx512bw, avx512vl, sha, fma, vzeroupper, avx512_vpopcntdq, avx512_vpclmulqdq, avx512_vaes, avx512_vnni, clflush, clflushopt, avx512_vbmi2, avx512_vbmi, hv
Processor Information for the first 16 processors :
  Max Mhz: 2496, Current Mhz: 2496, Mhz Limit: 2496

Memory: 4k page, system-wide physical 16221M (3681M free)
TotalPageFile size 18269M (AvailPageFile size 5M)
current process WorkingSet (physical memory assigned to process): 77M, peak: 79M
current process commit charge ("private bytes"): 166M, peak: 169M

vm_info: OpenJDK 64-Bit Server VM (17.0.15+6-LTS) for windows-amd64 JRE (17.0.15+6-LTS), built on Apr  9 2025 22:27:25 by "MicrosoftCorporation" with unknown MS VC++:1939

END.
